<?xml version="1.0" encoding="UTF-8"?>
<!-- Generated by org.testng.reporters.JUnitReportReporter -->
<testsuite hostname="R910GJ2M" failures="0" tests="5" name="DemoAppTest" time="27.085" errors="0" timestamp="11 Mar 2021 19:33:38 GMT">
  <testcase classname="DemoAppTest" name="runScenario" time="8.670"/>
  <testcase classname="DemoAppTest" name="runScenario" time="3.919"/>
  <testcase classname="DemoAppTest" name="runScenario" time="5.747"/>
  <testcase classname="DemoAppTest" name="runScenario" time="4.022"/>
  <testcase classname="DemoAppTest" name="runScenario" time="4.727"/>
</testsuite> <!-- DemoAppTest -->
