<?xml version="1.0" encoding="UTF-8"?>
<!-- Generated by org.testng.reporters.JUnitReportReporter -->
<testsuite hostname="R910GJ2M" failures="0" tests="6" name="ApiTest" time="2.763" errors="0" timestamp="11 Mar 2021 19:33:38 GMT">
  <testcase classname="ApiTest" name="createNewUserTest" time="0.141"/>
  <testcase classname="ApiTest" name="deleteUserNoAuthNegativeTest" time="0.159"/>
  <testcase classname="ApiTest" name="createNewUserExistingDetailsNegativeTest" time="1.842"/>
  <testcase classname="ApiTest" name="deleteBooksTest" time="0.340"/>
  <testcase classname="ApiTest" name="getUsersBooksTest" time="0.125"/>
  <testcase classname="ApiTest" name="getBookInvalidIsbnNegativeTest" time="0.156"/>
</testsuite> <!-- ApiTest -->
